<?xml version="1.0" encoding="UTF-8"?>
<testng-results skipped="0" failed="0" ignored="0" total="1" passed="1">
  <reporter-output>
  </reporter-output>
  <suite name="Suite" duration-ms="43185" started-at="2018-05-14T05:49:37Z" finished-at="2018-05-14T05:50:20Z">
    <groups>
    </groups>
    <test name="Test" duration-ms="43185" started-at="2018-05-14T05:49:37Z" finished-at="2018-05-14T05:50:20Z">
      <class name="com.fcrm.scripts.VerifyLoginLogout2">
        <test-method status="PASS" signature="initExtentReport()[pri:0, instance:com.fcrm.scripts.VerifyLoginLogout2@6093dd95]" name="initExtentReport" is-config="true" duration-ms="453" started-at="2018-05-14T11:19:36Z" finished-at="2018-05-14T11:19:37Z">
          <reporter-output>
          </reporter-output>
        </test-method> <!-- initExtentReport -->
        <test-method status="PASS" signature="initApp(java.lang.String)[pri:0, instance:com.fcrm.scripts.VerifyLoginLogout2@6093dd95]" name="initApp" is-config="true" duration-ms="17369" started-at="2018-05-14T11:19:37Z" finished-at="2018-05-14T11:19:54Z">
          <params>
            <param index="0">
              <value>
                <![CDATA[Chrome]]>
              </value>
            </param>
          </params>
          <reporter-output>
          </reporter-output>
        </test-method> <!-- initApp -->
        <test-method status="PASS" signature="initBrowser(java.lang.String)[pri:0, instance:com.fcrm.scripts.VerifyLoginLogout2@6093dd95]" name="initBrowser" is-config="true" duration-ms="0" started-at="2018-05-14T11:19:37Z" finished-at="2018-05-14T11:19:37Z">
          <params>
            <param index="0">
              <value>
                <![CDATA[Chrome]]>
              </value>
            </param>
          </params>
          <reporter-output>
          </reporter-output>
        </test-method> <!-- initBrowser -->
        <test-method status="PASS" signature="preCondition(java.lang.reflect.Method)[pri:0, instance:com.fcrm.scripts.VerifyLoginLogout2@6093dd95]" name="preCondition" is-config="true" duration-ms="3" started-at="2018-05-14T11:19:54Z" finished-at="2018-05-14T11:19:54Z">
          <params>
            <param index="0">
              <value>
                <![CDATA[public void com.fcrm.scripts.VerifyLoginLogout2.testLoginLogout1() throws java.lang.InterruptedException]]>
              </value>
            </param>
          </params>
          <reporter-output>
          </reporter-output>
        </test-method> <!-- preCondition -->
        <test-method status="PASS" signature="testLoginLogout1()[pri:0, instance:com.fcrm.scripts.VerifyLoginLogout2@6093dd95]" name="testLoginLogout1" duration-ms="25131" started-at="2018-05-14T11:19:54Z" finished-at="2018-05-14T11:20:19Z">
          <reporter-output>
          </reporter-output>
        </test-method> <!-- testLoginLogout1 -->
        <test-method status="PASS" signature="postCondition(org.testng.ITestResult)[pri:0, instance:com.fcrm.scripts.VerifyLoginLogout2@6093dd95]" name="postCondition" is-config="true" duration-ms="6" started-at="2018-05-14T11:20:20Z" finished-at="2018-05-14T11:20:20Z">
          <params>
            <param index="0">
              <value>
                <![CDATA[[TestResult name=testLoginLogout1 status=SUCCESS method=VerifyLoginLogout2.testLoginLogout1()[pri:0, instance:com.fcrm.scripts.VerifyLoginLogout2@6093dd95] output={null}]]]>
              </value>
            </param>
          </params>
          <reporter-output>
          </reporter-output>
        </test-method> <!-- postCondition -->
        <test-method status="PASS" signature="closeApp()[pri:0, instance:com.fcrm.scripts.VerifyLoginLogout2@6093dd95]" name="closeApp" is-config="true" duration-ms="141" started-at="2018-05-14T11:20:20Z" finished-at="2018-05-14T11:20:20Z">
          <reporter-output>
          </reporter-output>
        </test-method> <!-- closeApp -->
        <test-method status="PASS" signature="closeBrowser(java.lang.String)[pri:0, instance:com.fcrm.scripts.VerifyLoginLogout2@6093dd95]" name="closeBrowser" is-config="true" duration-ms="10" started-at="2018-05-14T11:20:20Z" finished-at="2018-05-14T11:20:20Z">
          <params>
            <param index="0">
              <value>
                <![CDATA[Chrome]]>
              </value>
            </param>
          </params>
          <reporter-output>
          </reporter-output>
        </test-method> <!-- closeBrowser -->
        <test-method status="PASS" signature="closeExtentReport()[pri:0, instance:com.fcrm.scripts.VerifyLoginLogout2@6093dd95]" name="closeExtentReport" is-config="true" duration-ms="578" started-at="2018-05-14T11:20:20Z" finished-at="2018-05-14T11:20:21Z">
          <reporter-output>
          </reporter-output>
        </test-method> <!-- closeExtentReport -->
      </class> <!-- com.fcrm.scripts.VerifyLoginLogout2 -->
    </test> <!-- Test -->
  </suite> <!-- Suite -->
</testng-results>
